0 info it worked if it ends with ok
1 verbose cli [ '/Users/Sola/.nvm/versions/node/v6.11.0/bin/node',
1 verbose cli   '/Users/Sola/.nvm/versions/node/v6.11.0/bin/npm',
1 verbose cli   'run',
1 verbose cli   'test' ]
2 info using npm@3.10.10
3 info using node@v6.11.0
4 verbose run-script [ 'pretest', 'test', 'posttest' ]
5 info lifecycle exercise6@0.0.1~pretest: exercise6@0.0.1
6 silly lifecycle exercise6@0.0.1~pretest: no script for pretest, continuing
7 info lifecycle exercise6@0.0.1~test: exercise6@0.0.1
8 verbose lifecycle exercise6@0.0.1~test: unsafe-perm in lifecycle true
9 verbose lifecycle exercise6@0.0.1~test: PATH: /Users/Sola/.nvm/versions/node/v6.11.0/lib/node_modules/npm/bin/node-gyp-bin:/Users/Sola/Desktop/Git/exercise6/node_modules/.bin:/Users/Sola/.nvm/versions/node/v6.11.0/bin:/Users/Sola/Documents/Mongodb/mongodb-osx-x86_64-3.0.6/bin:/usr/local/bin:/usr/local/bin:/usr/bin:/bin:/usr/sbin:/sbin:/opt/X11/bin:/Users/Sola/bin:/Users/Sola/Maven/bin:/Users/Sola/.npm-global/bin/
10 verbose lifecycle exercise6@0.0.1~test: CWD: /Users/Sola/Desktop/Git/exercise6
11 silly lifecycle exercise6@0.0.1~test: Args: [ '-c', 'mocha' ]
12 silly lifecycle exercise6@0.0.1~test: Returned: code: 2  signal: null
13 info lifecycle exercise6@0.0.1~test: Failed to exec test script
14 verbose stack Error: exercise6@0.0.1 test: `mocha`
14 verbose stack Exit status 2
14 verbose stack     at EventEmitter.<anonymous> (/Users/Sola/.nvm/versions/node/v6.11.0/lib/node_modules/npm/lib/utils/lifecycle.js:255:16)
14 verbose stack     at emitTwo (events.js:106:13)
14 verbose stack     at EventEmitter.emit (events.js:191:7)
14 verbose stack     at ChildProcess.<anonymous> (/Users/Sola/.nvm/versions/node/v6.11.0/lib/node_modules/npm/lib/utils/spawn.js:40:14)
14 verbose stack     at emitTwo (events.js:106:13)
14 verbose stack     at ChildProcess.emit (events.js:191:7)
14 verbose stack     at maybeClose (internal/child_process.js:891:16)
14 verbose stack     at Process.ChildProcess._handle.onexit (internal/child_process.js:226:5)
15 verbose pkgid exercise6@0.0.1
16 verbose cwd /Users/Sola/Desktop/Git/exercise6
17 error Darwin 16.7.0
18 error argv "/Users/Sola/.nvm/versions/node/v6.11.0/bin/node" "/Users/Sola/.nvm/versions/node/v6.11.0/bin/npm" "run" "test"
19 error node v6.11.0
20 error npm  v3.10.10
21 error code ELIFECYCLE
22 error exercise6@0.0.1 test: `mocha`
22 error Exit status 2
23 error Failed at the exercise6@0.0.1 test script 'mocha'.
23 error Make sure you have the latest version of node.js and npm installed.
23 error If you do, this is most likely a problem with the exercise6 package,
23 error not with npm itself.
23 error Tell the author that this fails on your system:
23 error     mocha
23 error You can get information on how to open an issue for this project with:
23 error     npm bugs exercise6
23 error Or if that isn't available, you can get their info via:
23 error     npm owner ls exercise6
23 error There is likely additional logging output above.
24 verbose exit [ 1, true ]
